<?xml version="1.0" encoding="UTF-8"?>
<testsuite xmlns:xsi="http://www.w3.org/2001/XMLSchema-instance" xsi:noNamespaceSchemaLocation="https://maven.apache.org/surefire/maven-surefire-plugin/xsd/surefire-test-report.xsd" name="com.example.demo.Demo1ApplicationTests" time="0.811" tests="1" errors="1" skipped="0" failures="0">
  <properties>
    <property name="sun.desktop" value="windows"/>
    <property name="awt.toolkit" value="sun.awt.windows.WToolkit"/>
    <property name="file.encoding.pkg" value="sun.io"/>
    <property name="java.specification.version" value="1.8"/>
    <property name="sun.cpu.isalist" value="amd64"/>
    <property name="sun.jnu.encoding" value="GBK"/>
    <property name="java.class.path" value="E:\temp\demo1\target\test-classes;E:\temp\demo1\target\classes;D:\maven\maven_local_repository\org\springframework\boot\spring-boot-starter\2.7.5\spring-boot-starter-2.7.5.jar;D:\maven\maven_local_repository\org\springframework\boot\spring-boot\2.7.5\spring-boot-2.7.5.jar;D:\maven\maven_local_repository\org\springframework\spring-context\5.3.23\spring-context-5.3.23.jar;D:\maven\maven_local_repository\org\springframework\spring-aop\5.3.23\spring-aop-5.3.23.jar;D:\maven\maven_local_repository\org\springframework\spring-beans\5.3.23\spring-beans-5.3.23.jar;D:\maven\maven_local_repository\org\springframework\spring-expression\5.3.23\spring-expression-5.3.23.jar;D:\maven\maven_local_repository\org\springframework\boot\spring-boot-autoconfigure\2.7.5\spring-boot-autoconfigure-2.7.5.jar;D:\maven\maven_local_repository\org\springframework\boot\spring-boot-starter-logging\2.7.5\spring-boot-starter-logging-2.7.5.jar;D:\maven\maven_local_repository\ch\qos\logback\logback-classic\1.2.11\logback-classic-1.2.11.jar;D:\maven\maven_local_repository\ch\qos\logback\logback-core\1.2.11\logback-core-1.2.11.jar;D:\maven\maven_local_repository\org\apache\logging\log4j\log4j-to-slf4j\2.17.2\log4j-to-slf4j-2.17.2.jar;D:\maven\maven_local_repository\org\apache\logging\log4j\log4j-api\2.17.2\log4j-api-2.17.2.jar;D:\maven\maven_local_repository\org\slf4j\jul-to-slf4j\1.7.36\jul-to-slf4j-1.7.36.jar;D:\maven\maven_local_repository\jakarta\annotation\jakarta.annotation-api\1.3.5\jakarta.annotation-api-1.3.5.jar;D:\maven\maven_local_repository\org\springframework\spring-core\5.3.23\spring-core-5.3.23.jar;D:\maven\maven_local_repository\org\springframework\spring-jcl\5.3.23\spring-jcl-5.3.23.jar;D:\maven\maven_local_repository\org\yaml\snakeyaml\1.30\snakeyaml-1.30.jar;D:\maven\maven_local_repository\org\springframework\boot\spring-boot-starter-test\2.7.5\spring-boot-starter-test-2.7.5.jar;D:\maven\maven_local_repository\org\springframework\boot\spring-boot-test\2.7.5\spring-boot-test-2.7.5.jar;D:\maven\maven_local_repository\org\springframework\boot\spring-boot-test-autoconfigure\2.7.5\spring-boot-test-autoconfigure-2.7.5.jar;D:\maven\maven_local_repository\com\jayway\jsonpath\json-path\2.7.0\json-path-2.7.0.jar;D:\maven\maven_local_repository\net\minidev\json-smart\2.4.8\json-smart-2.4.8.jar;D:\maven\maven_local_repository\net\minidev\accessors-smart\2.4.8\accessors-smart-2.4.8.jar;D:\maven\maven_local_repository\org\ow2\asm\asm\9.1\asm-9.1.jar;D:\maven\maven_local_repository\org\slf4j\slf4j-api\1.7.36\slf4j-api-1.7.36.jar;D:\maven\maven_local_repository\jakarta\xml\bind\jakarta.xml.bind-api\2.3.3\jakarta.xml.bind-api-2.3.3.jar;D:\maven\maven_local_repository\jakarta\activation\jakarta.activation-api\1.2.2\jakarta.activation-api-1.2.2.jar;D:\maven\maven_local_repository\org\assertj\assertj-core\3.22.0\assertj-core-3.22.0.jar;D:\maven\maven_local_repository\org\hamcrest\hamcrest\2.2\hamcrest-2.2.jar;D:\maven\maven_local_repository\org\junit\jupiter\junit-jupiter\5.8.2\junit-jupiter-5.8.2.jar;D:\maven\maven_local_repository\org\junit\jupiter\junit-jupiter-api\5.8.2\junit-jupiter-api-5.8.2.jar;D:\maven\maven_local_repository\org\opentest4j\opentest4j\1.2.0\opentest4j-1.2.0.jar;D:\maven\maven_local_repository\org\junit\platform\junit-platform-commons\1.8.2\junit-platform-commons-1.8.2.jar;D:\maven\maven_local_repository\org\apiguardian\apiguardian-api\1.1.2\apiguardian-api-1.1.2.jar;D:\maven\maven_local_repository\org\junit\jupiter\junit-jupiter-params\5.8.2\junit-jupiter-params-5.8.2.jar;D:\maven\maven_local_repository\org\junit\jupiter\junit-jupiter-engine\5.8.2\junit-jupiter-engine-5.8.2.jar;D:\maven\maven_local_repository\org\junit\platform\junit-platform-engine\1.8.2\junit-platform-engine-1.8.2.jar;D:\maven\maven_local_repository\org\mockito\mockito-core\4.5.1\mockito-core-4.5.1.jar;D:\maven\maven_local_repository\net\bytebuddy\byte-buddy\1.12.18\byte-buddy-1.12.18.jar;D:\maven\maven_local_repository\net\bytebuddy\byte-buddy-agent\1.12.18\byte-buddy-agent-1.12.18.jar;D:\maven\maven_local_repository\org\objenesis\objenesis\3.2\objenesis-3.2.jar;D:\maven\maven_local_repository\org\mockito\mockito-junit-jupiter\4.5.1\mockito-junit-jupiter-4.5.1.jar;D:\maven\maven_local_repository\org\skyscreamer\jsonassert\1.5.1\jsonassert-1.5.1.jar;D:\maven\maven_local_repository\com\vaadin\external\google\android-json\0.0.20131108.vaadin1\android-json-0.0.20131108.vaadin1.jar;D:\maven\maven_local_repository\org\springframework\spring-test\5.3.23\spring-test-5.3.23.jar;D:\maven\maven_local_repository\org\xmlunit\xmlunit-core\2.9.0\xmlunit-core-2.9.0.jar;D:\maven\maven_local_repository\org\projectlombok\lombok\1.18.24\lombok-1.18.24.jar;"/>
    <property name="java.vm.vendor" value="Oracle Corporation"/>
    <property name="sun.arch.data.model" value="64"/>
    <property name="user.variant" value=""/>
    <property name="java.vendor.url" value="http://java.oracle.com/"/>
    <property name="user.timezone" value="Asia/Shanghai"/>
    <property name="java.vm.specification.version" value="1.8"/>
    <property name="os.name" value="Windows 8.1"/>
    <property name="user.country" value="CN"/>
    <property name="sun.java.launcher" value="SUN_STANDARD"/>
    <property name="sun.boot.library.path" value="D:\JDK\install\jre\bin"/>
    <property name="sun.java.command" value="C:\Users\wr\AppData\Local\Temp\surefire8578158055088020276\surefirebooter4563388703980011900.jar C:\Users\wr\AppData\Local\Temp\surefire8578158055088020276 2023-03-20T16-03-20_334-jvmRun1 surefire4911738429107407755tmp surefire_01237157752500480988tmp"/>
    <property name="surefire.test.class.path" value="E:\temp\demo1\target\test-classes;E:\temp\demo1\target\classes;D:\maven\maven_local_repository\org\springframework\boot\spring-boot-starter\2.7.5\spring-boot-starter-2.7.5.jar;D:\maven\maven_local_repository\org\springframework\boot\spring-boot\2.7.5\spring-boot-2.7.5.jar;D:\maven\maven_local_repository\org\springframework\spring-context\5.3.23\spring-context-5.3.23.jar;D:\maven\maven_local_repository\org\springframework\spring-aop\5.3.23\spring-aop-5.3.23.jar;D:\maven\maven_local_repository\org\springframework\spring-beans\5.3.23\spring-beans-5.3.23.jar;D:\maven\maven_local_repository\org\springframework\spring-expression\5.3.23\spring-expression-5.3.23.jar;D:\maven\maven_local_repository\org\springframework\boot\spring-boot-autoconfigure\2.7.5\spring-boot-autoconfigure-2.7.5.jar;D:\maven\maven_local_repository\org\springframework\boot\spring-boot-starter-logging\2.7.5\spring-boot-starter-logging-2.7.5.jar;D:\maven\maven_local_repository\ch\qos\logback\logback-classic\1.2.11\logback-classic-1.2.11.jar;D:\maven\maven_local_repository\ch\qos\logback\logback-core\1.2.11\logback-core-1.2.11.jar;D:\maven\maven_local_repository\org\apache\logging\log4j\log4j-to-slf4j\2.17.2\log4j-to-slf4j-2.17.2.jar;D:\maven\maven_local_repository\org\apache\logging\log4j\log4j-api\2.17.2\log4j-api-2.17.2.jar;D:\maven\maven_local_repository\org\slf4j\jul-to-slf4j\1.7.36\jul-to-slf4j-1.7.36.jar;D:\maven\maven_local_repository\jakarta\annotation\jakarta.annotation-api\1.3.5\jakarta.annotation-api-1.3.5.jar;D:\maven\maven_local_repository\org\springframework\spring-core\5.3.23\spring-core-5.3.23.jar;D:\maven\maven_local_repository\org\springframework\spring-jcl\5.3.23\spring-jcl-5.3.23.jar;D:\maven\maven_local_repository\org\yaml\snakeyaml\1.30\snakeyaml-1.30.jar;D:\maven\maven_local_repository\org\springframework\boot\spring-boot-starter-test\2.7.5\spring-boot-starter-test-2.7.5.jar;D:\maven\maven_local_repository\org\springframework\boot\spring-boot-test\2.7.5\spring-boot-test-2.7.5.jar;D:\maven\maven_local_repository\org\springframework\boot\spring-boot-test-autoconfigure\2.7.5\spring-boot-test-autoconfigure-2.7.5.jar;D:\maven\maven_local_repository\com\jayway\jsonpath\json-path\2.7.0\json-path-2.7.0.jar;D:\maven\maven_local_repository\net\minidev\json-smart\2.4.8\json-smart-2.4.8.jar;D:\maven\maven_local_repository\net\minidev\accessors-smart\2.4.8\accessors-smart-2.4.8.jar;D:\maven\maven_local_repository\org\ow2\asm\asm\9.1\asm-9.1.jar;D:\maven\maven_local_repository\org\slf4j\slf4j-api\1.7.36\slf4j-api-1.7.36.jar;D:\maven\maven_local_repository\jakarta\xml\bind\jakarta.xml.bind-api\2.3.3\jakarta.xml.bind-api-2.3.3.jar;D:\maven\maven_local_repository\jakarta\activation\jakarta.activation-api\1.2.2\jakarta.activation-api-1.2.2.jar;D:\maven\maven_local_repository\org\assertj\assertj-core\3.22.0\assertj-core-3.22.0.jar;D:\maven\maven_local_repository\org\hamcrest\hamcrest\2.2\hamcrest-2.2.jar;D:\maven\maven_local_repository\org\junit\jupiter\junit-jupiter\5.8.2\junit-jupiter-5.8.2.jar;D:\maven\maven_local_repository\org\junit\jupiter\junit-jupiter-api\5.8.2\junit-jupiter-api-5.8.2.jar;D:\maven\maven_local_repository\org\opentest4j\opentest4j\1.2.0\opentest4j-1.2.0.jar;D:\maven\maven_local_repository\org\junit\platform\junit-platform-commons\1.8.2\junit-platform-commons-1.8.2.jar;D:\maven\maven_local_repository\org\apiguardian\apiguardian-api\1.1.2\apiguardian-api-1.1.2.jar;D:\maven\maven_local_repository\org\junit\jupiter\junit-jupiter-params\5.8.2\junit-jupiter-params-5.8.2.jar;D:\maven\maven_local_repository\org\junit\jupiter\junit-jupiter-engine\5.8.2\junit-jupiter-engine-5.8.2.jar;D:\maven\maven_local_repository\org\junit\platform\junit-platform-engine\1.8.2\junit-platform-engine-1.8.2.jar;D:\maven\maven_local_repository\org\mockito\mockito-core\4.5.1\mockito-core-4.5.1.jar;D:\maven\maven_local_repository\net\bytebuddy\byte-buddy\1.12.18\byte-buddy-1.12.18.jar;D:\maven\maven_local_repository\net\bytebuddy\byte-buddy-agent\1.12.18\byte-buddy-agent-1.12.18.jar;D:\maven\maven_local_repository\org\objenesis\objenesis\3.2\objenesis-3.2.jar;D:\maven\maven_local_repository\org\mockito\mockito-junit-jupiter\4.5.1\mockito-junit-jupiter-4.5.1.jar;D:\maven\maven_local_repository\org\skyscreamer\jsonassert\1.5.1\jsonassert-1.5.1.jar;D:\maven\maven_local_repository\com\vaadin\external\google\android-json\0.0.20131108.vaadin1\android-json-0.0.20131108.vaadin1.jar;D:\maven\maven_local_repository\org\springframework\spring-test\5.3.23\spring-test-5.3.23.jar;D:\maven\maven_local_repository\org\xmlunit\xmlunit-core\2.9.0\xmlunit-core-2.9.0.jar;D:\maven\maven_local_repository\org\projectlombok\lombok\1.18.24\lombok-1.18.24.jar;"/>
    <property name="sun.cpu.endian" value="little"/>
    <property name="user.home" value="C:\Users\wr"/>
    <property name="user.language" value="zh"/>
    <property name="java.specification.vendor" value="Oracle Corporation"/>
    <property name="java.home" value="D:\JDK\install\jre"/>
    <property name="basedir" value="E:\temp\demo1"/>
    <property name="file.separator" value="\"/>
    <property name="line.separator" value="&#10;"/>
    <property name="java.vm.specification.vendor" value="Oracle Corporation"/>
    <property name="java.specification.name" value="Java Platform API Specification"/>
    <property name="java.awt.graphicsenv" value="sun.awt.Win32GraphicsEnvironment"/>
    <property name="surefire.real.class.path" value="C:\Users\wr\AppData\Local\Temp\surefire8578158055088020276\surefirebooter4563388703980011900.jar"/>
    <property name="sun.boot.class.path" value="D:\JDK\install\jre\lib\resources.jar;D:\JDK\install\jre\lib\rt.jar;D:\JDK\install\jre\lib\sunrsasign.jar;D:\JDK\install\jre\lib\jsse.jar;D:\JDK\install\jre\lib\jce.jar;D:\JDK\install\jre\lib\charsets.jar;D:\JDK\install\jre\lib\jfr.jar;D:\JDK\install\jre\classes"/>
    <property name="user.script" value=""/>
    <property name="sun.management.compiler" value="HotSpot 64-Bit Tiered Compilers"/>
    <property name="java.runtime.version" value="1.8.0_40-b25"/>
    <property name="user.name" value="wr"/>
    <property name="path.separator" value=";"/>
    <property name="os.version" value="6.3"/>
    <property name="java.endorsed.dirs" value="D:\JDK\install\jre\lib\endorsed"/>
    <property name="java.runtime.name" value="Java(TM) SE Runtime Environment"/>
    <property name="file.encoding" value="GBK"/>
    <property name="java.vm.name" value="Java HotSpot(TM) 64-Bit Server VM"/>
    <property name="localRepository" value="D:\maven\maven_local_repository"/>
    <property name="java.vendor.url.bug" value="http://bugreport.sun.com/bugreport/"/>
    <property name="java.io.tmpdir" value="C:\Users\wr\AppData\Local\Temp\"/>
    <property name="idea.version" value="2022.2.4"/>
    <property name="java.version" value="1.8.0_40"/>
    <property name="user.dir" value="E:\temp\demo1"/>
    <property name="os.arch" value="amd64"/>
    <property name="java.vm.specification.name" value="Java Virtual Machine Specification"/>
    <property name="java.awt.printerjob" value="sun.awt.windows.WPrinterJob"/>
    <property name="sun.os.patch.level" value=""/>
    <property name="java.library.path" value="D:\JDK\install\jre\bin;C:\WINDOWS\Sun\Java\bin;C:\WINDOWS\system32;C:\WINDOWS;C:\ProgramData\Oracle\Java\javapath;C:\WINDOWS\system32;C:\WINDOWS;C:\WINDOWS\System32\Wbem;C:\WINDOWS\System32\WindowsPowerShell\v1.0\;C:\WINDOWS\System32\OpenSSH\;D:\JDK\install\bin;D:\mysql\install\bin;D:\Git\Git\install\Git\cmd;C:\Users\wr\AppData\Local\Microsoft\WindowsApps;;."/>
    <property name="java.vm.info" value="mixed mode"/>
    <property name="java.vendor" value="Oracle Corporation"/>
    <property name="java.vm.version" value="25.40-b25"/>
    <property name="java.ext.dirs" value="D:\JDK\install\jre\lib\ext;C:\WINDOWS\Sun\Java\lib\ext"/>
    <property name="sun.io.unicode.encoding" value="UnicodeLittle"/>
    <property name="maven.repo.local" value="D:\maven\maven_local_repository"/>
    <property name="java.class.version" value="52.0"/>
  </properties>
  <testcase name="com.example.demo.Demo1ApplicationTests" classname="com.example.demo.Demo1ApplicationTests" time="0.809">
    <error message="Unable to find a @SpringBootConfiguration, you need to use @ContextConfiguration or @SpringBootTest(classes=...) with your test" type="java.lang.IllegalStateException">java.lang.IllegalStateException: Unable to find a @SpringBootConfiguration, you need to use @ContextConfiguration or @SpringBootTest(classes=...) with your test
</error>
    <system-out><![CDATA[16:03:22.287 [main] DEBUG org.springframework.test.context.BootstrapUtils - Instantiating CacheAwareContextLoaderDelegate from class [org.springframework.test.context.cache.DefaultCacheAwareContextLoaderDelegate]
16:03:22.330 [main] DEBUG org.springframework.test.context.BootstrapUtils - Instantiating BootstrapContext using constructor [public org.springframework.test.context.support.DefaultBootstrapContext(java.lang.Class,org.springframework.test.context.CacheAwareContextLoaderDelegate)]
16:03:22.389 [main] DEBUG org.springframework.test.context.BootstrapUtils - Instantiating TestContextBootstrapper for test class [com.example.demo.Demo1ApplicationTests] from class [org.springframework.boot.test.context.SpringBootTestContextBootstrapper]
16:03:22.435 [main] INFO org.springframework.boot.test.context.SpringBootTestContextBootstrapper - Neither @ContextConfiguration nor @ContextHierarchy found for test class [com.example.demo.Demo1ApplicationTests], using SpringBootContextLoader
16:03:22.441 [main] DEBUG org.springframework.test.context.support.AbstractContextLoader - Did not detect default resource location for test class [com.example.demo.Demo1ApplicationTests]: class path resource [com/example/demo/Demo1ApplicationTests-context.xml] does not exist
16:03:22.442 [main] DEBUG org.springframework.test.context.support.AbstractContextLoader - Did not detect default resource location for test class [com.example.demo.Demo1ApplicationTests]: class path resource [com/example/demo/Demo1ApplicationTestsContext.groovy] does not exist
16:03:22.442 [main] INFO org.springframework.test.context.support.AbstractContextLoader - Could not detect default resource locations for test class [com.example.demo.Demo1ApplicationTests]: no resource found for suffixes {-context.xml, Context.groovy}.
16:03:22.443 [main] INFO org.springframework.test.context.support.AnnotationConfigContextLoaderUtils - Could not detect default configuration classes for test class [com.example.demo.Demo1ApplicationTests]: Demo1ApplicationTests does not declare any static, non-private, non-final, nested classes annotated with @Configuration.
16:03:22.583 [main] DEBUG org.springframework.test.context.support.ActiveProfilesUtils - Could not find an 'annotation declaring class' for annotation type [org.springframework.test.context.ActiveProfiles] and class [com.example.demo.Demo1ApplicationTests]
]]></system-out>
  </testcase>
</testsuite>